Build started 2015-10-12 12:53:22.
     1>Project "C:\Users\klaudia1\Source\Repos\Test\allTest\allTest\allTest.vcxproj" on node 2 (Build target(s)).
     1>Link:
         D:\Pliki programów (x86)\Microsoft Visual Studio 12.0\VC\bin\link.exe /ERRORREPORT:PROMPT /OUT:"C:\Users\klaudia1\Source\Repos\Test\allTest\Debug\allTest.exe" /INCREMENTAL /NOLOGO kernel32.lib user32.lib gdi32.lib winspool.lib comdlg32.lib advapi32.lib shell32.lib ole32.lib oleaut32.lib uuid.lib odbc32.lib odbccp32.lib /MANIFEST /MANIFESTUAC:"level='asInvoker' uiAccess='false'" /manifest:embed /DEBUG /PDB:"C:\Users\klaudia1\Source\Repos\Test\allTest\Debug\allTest.pdb" /SUBSYSTEM:CONSOLE /TLBID:1 /DYNAMICBASE /NXCOMPAT /IMPLIB:"C:\Users\klaudia1\Source\Repos\Test\allTest\Debug\allTest.lib" /MACHINE:X86 Debug\allTest.obj
         Debug\stdafx.obj
     1>LINK : fatal error LNK1168: cannot open C:\Users\klaudia1\Source\Repos\Test\allTest\Debug\allTest.exe for writing
     1>Done Building Project "C:\Users\klaudia1\Source\Repos\Test\allTest\allTest\allTest.vcxproj" (Build target(s)) -- FAILED.

Build FAILED.

Time Elapsed 00:00:00.22
